<?xml version="1.0" encoding="UTF-8"?>
<!-- Generated by org.testng.reporters.JUnitReportReporter -->
<testsuite skipped="0" hostname="Indu" name="Academy.E2EProject.HomePageTest" tests="3" failures="0" timestamp="2019-03-01T08:40:02 MST" time="26.439" errors="0">
  <testcase name="landingHomepage" time="8.652" classname="Academy.E2EProject.HomePageTest"/>
  <testcase name="landingHomepage" time="12.959" classname="Academy.E2EProject.HomePageTest"/>
  <testcase name="landingHomepage" time="4.828" classname="Academy.E2EProject.HomePageTest"/>
</testsuite> <!-- Academy.E2EProject.HomePageTest -->
