<?xml version="1.0" encoding="UTF-8"?>
<!-- Generated by org.testng.reporters.JUnitReportReporter -->
<testsuite skipped="0" hostname="Indu" name="Academy.E2EProject.ValidateNavBar" tests="1" failures="0" timestamp="2019-03-01T08:40:02 MST" time="0.044" errors="0">
  <testcase name="navigationbar" time="0.044" classname="Academy.E2EProject.ValidateNavBar"/>
</testsuite> <!-- Academy.E2EProject.ValidateNavBar -->
