<?xml version="1.0" encoding="UTF-8"?>
<!-- Generated by org.testng.reporters.JUnitReportReporter -->
<testsuite skipped="0" hostname="Indu" name="Academy.E2EProject.ValidateNavBar" tests="1" failures="0" timestamp="01 Mar 2019 15:37:39 GMT" time="0.071" errors="0">
  <testcase name="navigationbar" time="0.071" classname="Academy.E2EProject.ValidateNavBar"/>
</testsuite> <!-- Academy.E2EProject.ValidateNavBar -->
