<?xml version="1.0" encoding="UTF-8"?>
<!-- Generated by org.testng.reporters.JUnitReportReporter -->
<testsuite skipped="0" hostname="Indu" name="Academy.E2EProject.HomePageTest" tests="3" failures="0" timestamp="01 Mar 2019 15:37:39 GMT" time="32.103" errors="0">
  <testcase name="landingHomepage" time="10.573" classname="Academy.E2EProject.HomePageTest"/>
  <testcase name="landingHomepage" time="4.866" classname="Academy.E2EProject.HomePageTest"/>
  <testcase name="landingHomepage" time="16.664" classname="Academy.E2EProject.HomePageTest"/>
</testsuite> <!-- Academy.E2EProject.HomePageTest -->
