<?xml version="1.0" encoding="UTF-8"?>
<!-- Generated by org.testng.reporters.JUnitReportReporter -->
<testsuite skipped="0" hostname="Indu" name="Academy.E2EProject.HomePage" tests="1" failures="0" timestamp="28 Feb 2019 17:24:10 GMT" time="16.094" errors="0">
  <testcase name="landingHomepage" time="16.094" classname="Academy.E2EProject.HomePage"/>
</testsuite> <!-- Academy.E2EProject.HomePage -->
